2022-09-14 18:43:48,533 INFO     input_dir:./train.txt
2022-09-14 18:43:48,534 INFO     output_dir:./output
2022-09-14 18:43:48,534 INFO     save_dir:./log
2022-09-14 18:43:48,534 INFO     model_name_or_path:facebook/bart-base
2022-09-14 18:43:48,534 INFO     ckpt:save.ckpt
2022-09-14 18:43:48,534 INFO     device:cpu
2022-09-14 18:43:48,534 INFO     weight_decay:1e-05
2022-09-14 18:43:48,534 INFO     train_batch_size:16
2022-09-14 18:43:48,534 INFO     valid_batch_size:16
2022-09-14 18:43:48,534 INFO     seed:666
2022-09-14 18:43:48,534 INFO     learning_rate:0.0001
2022-09-14 18:43:48,534 INFO     num_train_epochs:25
2022-09-14 18:43:48,534 INFO     save_steps:500
2022-09-14 18:43:48,534 INFO     logging_steps:500
2022-09-14 18:43:48,534 INFO     warmup_proportion:0.1
2022-09-14 18:43:48,534 INFO     adam_epsilon:1e-08
2022-09-14 18:43:48,535 INFO     gradient_accumulation_steps:1
2022-09-14 18:43:48,535 INFO     max_grad_norm:1.0
2022-09-14 18:43:48,535 INFO     dim_hidden:1024
2022-09-14 18:43:48,535 INFO     alpha:0.0001
2022-09-14 18:44:11,425 INFO       Num examples = 2658
2022-09-14 18:44:11,425 INFO       Num Epochs = 25
2022-09-14 18:44:11,425 INFO       Gradient Accumulation steps = 1
2022-09-14 18:44:11,425 INFO       Total optimization steps = 5200
2022-09-14 18:44:11,425 INFO       begin training 
